<?xml version="1.0" encoding="UTF-8"?>
<!-- Generated by org.testng.reporters.JUnitReportReporter -->
<testsuite hostname="nb-vostro" failures="0" tests="3" name="MyPackage.MyClass" time="0.036" errors="0" timestamp="2019-10-28T22:38:49 BRT" skipped="0">
  <testcase classname="MyPackage.MyClass" name="primeiroTest" time="0.024"/>
  <testcase classname="MyPackage.MyClass" name="abcTest" time="0.010"/>
  <testcase classname="MyPackage.MyClass" name="finalTest" time="0.002"/>
</testsuite> <!-- MyPackage.MyClass -->
